<component name="libraryTable">
  <library name="JUnit">
    <CLASSES>
      <root url="file://$PROJECT_DIR$/../../../Library/JUnit" />
    </CLASSES>
    <JAVADOC />
    <SOURCES />
    <jarDirectory url="file://$PROJECT_DIR$/../../../Library/JUnit" recursive="false" />
  </library>
</component>